This is pdfTeX, Version 3.14159265-2.6-1.40.18 (TeX Live 2018/dev/Debian) (preloaded format=pdflatex 2017.9.13)  28 SEP 2017 12:00
entering extended mode
 restricted \write18 enabled.
 %&-line parsing enabled.
**/home/peterson/Documents/MII/frontmatter/resume
(/home/peterson/Documents/MII/frontmatter/resume.tex
LaTeX2e <2017-04-15>
Babel <3.12> and hyphenation patterns for 84 language(s) loaded.
! Undefined control sequence.
l.14 \chapter
             *{R\'{e}sum\'{e}} 
Here is how much of TeX's memory you used:
 6 strings out of 492990
 259 string characters out of 6134997
 53810 words of memory out of 5000000
 3663 multiletter control sequences out of 15000+600000
 3640 words of font info for 14 fonts, out of 8000000 for 9000
 1141 hyphenation exceptions out of 8191
 5i,0n,1p,127b,8s stack positions out of 5000i,500n,10000p,200000b,80000s

!  ==> Fatal error occurred, no output PDF file produced!
