This is pdfTeX, Version 3.14159265-2.6-1.40.18 (TeX Live 2018/dev/Debian) (preloaded format=pdflatex 2017.9.13)  25 SEP 2017 17:46
entering extended mode
 restricted \write18 enabled.
 %&-line parsing enabled.
**/home/peterson/Documents/MII/chapters/chapter01/chap01
(/home/peterson/Documents/MII/chapters/chapter01/chap01.tex
LaTeX2e <2017-04-15>
Babel <3.12> and hyphenation patterns for 84 language(s) loaded.
! Undefined control sequence.
l.7 \chapter
            *{Introduction} 
Here is how much of TeX's memory you used:
 7 strings out of 492990
 294 string characters out of 6134997
 53810 words of memory out of 5000000
 3664 multiletter control sequences out of 15000+600000
 3640 words of font info for 14 fonts, out of 8000000 for 9000
 1141 hyphenation exceptions out of 8191
 5i,0n,1p,116b,8s stack positions out of 5000i,500n,10000p,200000b,80000s

!  ==> Fatal error occurred, no output PDF file produced!
